<?xml version="1.0" encoding="UTF-8"?>
<!-- Generated by org.testng.reporters.JUnitXMLReporter -->
<testsuite hostname="sujith" name="Default test" tests="5" failures="0" timestamp="20 Dec 2020 05:25:10 GMT" time="0.055" errors="0">
  <testcase name="first" time="0.012" classname="testNg.Sampletestng"/>
  <testcase name="last" time="0.001" classname="testNg.Sampletestng"/>
  <testcase name="secound" time="0.002" classname="testNg.Sampletestng"/>
  <testcase name="third" time="0.002" classname="testNg.Sampletestng"/>
  <testcase name="parameter" time="0.002" classname="testNg.Parameter"/>
</testsuite> <!-- Default test -->
