<?xml version="1.0" encoding="UTF-8"?>
<!-- Generated by org.testng.reporters.JUnitXMLReporter -->
<testsuite hostname="sujith" name="login test cases" tests="4" failures="0" timestamp="24 Dec 2020 04:18:41 GMT" time="80.326" errors="0">
  <testcase name="dataprovider" time="15.48" classname="basictestNG.Dataprovider"/>
  <testcase name="dataprovider" time="12.517" classname="basictestNG.Dataprovider"/>
  <testcase name="dataprovider" time="8.228" classname="basictestNG.Dataprovider"/>
  <testcase name="dataprovider" time="44.035" classname="basictestNG.Dataprovider"/>
</testsuite> <!-- login test cases -->
