<?xml version="1.0" encoding="UTF-8"?>
<testng-results skipped="0" failed="0" total="1" passed="1">
  <reporter-output>
  </reporter-output>
  <suite name="Default suite" duration-ms="48639" started-at="2021-01-07T16:32:21Z" finished-at="2021-01-07T16:33:10Z">
    <groups>
    </groups>
    <test name="Default test" duration-ms="48639" started-at="2021-01-07T16:32:21Z" finished-at="2021-01-07T16:33:10Z">
      <class name="basictestNG.Medicalinformation">
        <test-method status="PASS" signature="browse()[pri:0, instance:basictestNG.Medicalinformation@144fc66]" name="browse" duration-ms="48588" started-at="2021-01-07T08:32:21Z" finished-at="2021-01-07T08:33:10Z">
          <reporter-output>
          </reporter-output>
        </test-method> <!-- browse -->
      </class> <!-- basictestNG.Medicalinformation -->
    </test> <!-- Default test -->
  </suite> <!-- Default suite -->
</testng-results>
